GL_LOG_FILE log. local time Fri Feb 16 13:21:20 2024

Starting GLFW: 3.4.0 X11 GLX Null EGL OSMesa monotonic
GL Context Params:
GL_MAX_COMBINED_TEXTURE_IMAGE_UNITS 192
GL_MAX_CUBE_MAP_TEXTURE_SIZE 16384
GL_MAX_DRAW_BUFFERS 8
GL_MAX_FRAGMENT_UNIFORM_COMPONENTS 16384
GL_MAX_TEXTURE_IMAGE_UNITS 32
GL_MAX_TEXTURE_SIZE 16384
GL_MAX_VARYING_FLOATS 128
GL_MAX_VERTEX_ATTRIBS 16
GL_MAX_VERTEX_TEXTURE_IMAGE_UNITS 32
GL_MAX_VERTEX_UNIFORM_COMPONENTS 16384
GL_MAX_VIEWPORT_DIMS 16384 16384
GL_STEREO 0
-----------------------------
GLFW: framebuffer size: 1876 x 1043
GLFW: window size: 1876 x 1043
GLFW: framebuffer size: 2560 x 1376
GLFW: window size: 2560 x 1376
GLFW: framebuffer size: 2560 x 1440
GLFW: window size: 2560 x 1440
